Determining if the pthread_create exist failed with the following output:
Change Dir: /home/winstonzhao/Projects/ws-chess/build/CMakeFiles/CMakeTmp

Run Build Command:"/usr/bin/make" "cmTC_856bc/fast"
/usr/bin/make -f CMakeFiles/cmTC_856bc.dir/build.make CMakeFiles/cmTC_856bc.dir/build
make[1]: Entering directory '/home/winstonzhao/Projects/ws-chess/build/CMakeFiles/CMakeTmp'
Building C object CMakeFiles/cmTC_856bc.dir/CheckSymbolExists.c.o
/usr/bin/gcc-7    -o CMakeFiles/cmTC_856bc.dir/CheckSymbolExists.c.o   -c /home/winstonzhao/Projects/ws-chess/build/CMakeFiles/CMakeTmp/CheckSymbolExists.c
Linking C executable cmTC_856bc
/usr/bin/cmake -E cmake_link_script CMakeFiles/cmTC_856bc.dir/link.txt --verbose=1
/usr/bin/gcc-7      -rdynamic CMakeFiles/cmTC_856bc.dir/CheckSymbolExists.c.o  -o cmTC_856bc 
CMakeFiles/cmTC_856bc.dir/CheckSymbolExists.c.o: In function `main':
CheckSymbolExists.c:(.text+0x1b): undefined reference to `pthread_create'
collect2: error: ld returned 1 exit status
CMakeFiles/cmTC_856bc.dir/build.make:86: recipe for target 'cmTC_856bc' failed
make[1]: *** [cmTC_856bc] Error 1
make[1]: Leaving directory '/home/winstonzhao/Projects/ws-chess/build/CMakeFiles/CMakeTmp'
Makefile:121: recipe for target 'cmTC_856bc/fast' failed
make: *** [cmTC_856bc/fast] Error 2

File /home/winstonzhao/Projects/ws-chess/build/CMakeFiles/CMakeTmp/CheckSymbolExists.c:
/* */
#include <pthread.h>

int main(int argc, char** argv)
{
  (void)argv;
#ifndef pthread_create
  return ((int*)(&pthread_create))[argc];
#else
  (void)argc;
  return 0;
#endif
}

Determining if the function pthread_create exists in the pthreads failed with the following output:
Change Dir: /home/winstonzhao/Projects/ws-chess/build/CMakeFiles/CMakeTmp

Run Build Command:"/usr/bin/make" "cmTC_f6df7/fast"
/usr/bin/make -f CMakeFiles/cmTC_f6df7.dir/build.make CMakeFiles/cmTC_f6df7.dir/build
make[1]: Entering directory '/home/winstonzhao/Projects/ws-chess/build/CMakeFiles/CMakeTmp'
Building C object CMakeFiles/cmTC_f6df7.dir/CheckFunctionExists.c.o
/usr/bin/gcc-7   -DCHECK_FUNCTION_EXISTS=pthread_create   -o CMakeFiles/cmTC_f6df7.dir/CheckFunctionExists.c.o   -c /usr/share/cmake-3.13/Modules/CheckFunctionExists.c
Linking C executable cmTC_f6df7
/usr/bin/cmake -E cmake_link_script CMakeFiles/cmTC_f6df7.dir/link.txt --verbose=1
/usr/bin/gcc-7  -DCHECK_FUNCTION_EXISTS=pthread_create    -rdynamic CMakeFiles/cmTC_f6df7.dir/CheckFunctionExists.c.o  -o cmTC_f6df7 -lpthreads 
/usr/bin/ld: cannot find -lpthreads
collect2: error: ld returned 1 exit status
CMakeFiles/cmTC_f6df7.dir/build.make:86: recipe for target 'cmTC_f6df7' failed
make[1]: *** [cmTC_f6df7] Error 1
make[1]: Leaving directory '/home/winstonzhao/Projects/ws-chess/build/CMakeFiles/CMakeTmp'
Makefile:121: recipe for target 'cmTC_f6df7/fast' failed
make: *** [cmTC_f6df7/fast] Error 2


